# JRE version: Java(TM) SE Runtime Environment (8.0_60-b27) (build 1.8.0_60-b27)
# Java VM: Java HotSpot(TM) Server VM (25.60-b23 mixed mode linux-x86 )
Heap:
 PSYoungGen      total 69120K, used 39120K [0x65d80000, 0x6a380000, 0x70800000)
  eden space 66560K, 54% used [0x65d80000,0x68135f50,0x69e80000)
  from space 2560K, 99% used [0x6a100000,0x6a37e460,0x6a380000)
  to   space 2560K, 0% used [0x69e80000,0x69e80000,0x6a100000)
 ParOldGen       total 43776K, used 19034K [0x50800000, 0x532c0000, 0x65d80000)
  object space 43776K, 43% used [0x50800000,0x51a96900,0x532c0000)
 Metaspace       used 15770K, capacity 16000K, committed 16152K, reserved 16688K
GC Heap History (8 events):
Event: 1.854 GC heap before
{Heap before GC invocations=1 (full 0):
 PSYoungGen      total 19200K, used 16640K [0x65d80000, 0x672c0000, 0x70800000)
  eden space 16640K, 100% used [0x65d80000,0x66dc0000,0x66dc0000)
  from space 2560K, 0% used [0x67040000,0x67040000,0x672c0000)
  to   space 2560K, 0% used [0x66dc0000,0x66dc0000,0x67040000)
 ParOldGen       total 43776K, used 4K [0x50800000, 0x532c0000, 0x65d80000)
  object space 43776K, 0% used [0x50800000,0x508013b8,0x532c0000)
 Metaspace       used 12243K, capacity 12428K, committed 12568K, reserved 12592K
Event: 1.885 GC heap after
Heap after GC invocations=1 (full 0):
 PSYoungGen      total 19200K, used 2546K [0x65d80000, 0x68300000, 0x70800000)
  eden space 16640K, 0% used [0x65d80000,0x65d80000,0x66dc0000)
  from space 2560K, 99% used [0x66dc0000,0x6703c8d0,0x67040000)
  to   space 2560K, 0% used [0x68080000,0x68080000,0x68300000)
 ParOldGen       total 43776K, used 2127K [0x50800000, 0x532c0000, 0x65d80000)
  object space 43776K, 4% used [0x50800000,0x50a13eb0,0x532c0000)
 Metaspace       used 12243K, capacity 12428K, committed 12568K, reserved 12592K
}
Event: 1.951 GC heap before
{Heap before GC invocations=2 (full 0):
 PSYoungGen      total 19200K, used 3873K [0x65d80000, 0x68300000, 0x70800000)
  eden space 16640K, 7% used [0x65d80000,0x65ecbde0,0x66dc0000)
  from space 2560K, 99% used [0x66dc0000,0x6703c8d0,0x67040000)
  to   space 2560K, 0% used [0x68080000,0x68080000,0x68300000)
 ParOldGen       total 43776K, used 2127K [0x50800000, 0x532c0000, 0x65d80000)
  object space 43776K, 4% used [0x50800000,0x50a13eb0,0x532c0000)
 Metaspace       used 12360K, capacity 12524K, committed 12568K, reserved 12592K
Event: 1.965 GC heap after
Heap after GC invocations=2 (full 0):
 PSYoungGen      total 35840K, used 2553K [0x65d80000, 0x68300000, 0x70800000)
  eden space 33280K, 0% used [0x65d80000,0x65d80000,0x67e00000)
  from space 2560K, 99% used [0x68080000,0x682fe4b8,0x68300000)
  to   space 2560K, 0% used [0x67e00000,0x67e00000,0x68080000)
 ParOldGen       total 43776K, used 2276K [0x50800000, 0x532c0000, 0x65d80000)
  object space 43776K, 5% used [0x50800000,0x50a39218,0x532c0000)
 Metaspace       used 12360K, capacity 12524K, committed 12568K, reserved 12592K
}
Event: 7.219 GC heap before
{Heap before GC invocations=3 (full 0):
 PSYoungGen      total 35840K, used 35833K [0x65d80000, 0x68300000, 0x70800000)
  eden space 33280K, 100% used [0x65d80000,0x67e00000,0x67e00000)
  from space 2560K, 99% used [0x68080000,0x682fe4b8,0x68300000)
  to   space 2560K, 0% used [0x67e00000,0x67e00000,0x68080000)
 ParOldGen       total 43776K, used 4592K [0x50800000, 0x532c0000, 0x65d80000)
  object space 43776K, 10% used [0x50800000,0x50c7c058,0x532c0000)
 Metaspace       used 13987K, capacity 14211K, committed 14360K, reserved 14640K
Event: 7.240 GC heap after
Heap after GC invocations=3 (full 0):
 PSYoungGen      total 35840K, used 2546K [0x65d80000, 0x6a380000, 0x70800000)
  eden space 33280K, 0% used [0x65d80000,0x65d80000,0x67e00000)
  from space 2560K, 99% used [0x67e00000,0x6807c980,0x68080000)
  to   space 2560K, 0% used [0x6a100000,0x6a100000,0x6a380000)
 ParOldGen       total 43776K, used 11410K [0x50800000, 0x532c0000, 0x65d80000)
  object space 43776K, 26% used [0x50800000,0x51324838,0x532c0000)
 Metaspace       used 13987K, capacity 14211K, committed 14360K, reserved 14640K
}
Event: 10.521 GC heap before
{Heap before GC invocations=4 (full 0):
 PSYoungGen      total 35840K, used 35826K [0x65d80000, 0x6a380000, 0x70800000)
  eden space 33280K, 100% used [0x65d80000,0x67e00000,0x67e00000)
  from space 2560K, 99% used [0x67e00000,0x6807c980,0x68080000)
  to   space 2560K, 0% used [0x6a100000,0x6a100000,0x6a380000)
 ParOldGen       total 43776K, used 11410K [0x50800000, 0x532c0000, 0x65d80000)
  object space 43776K, 26% used [0x50800000,0x51324838,0x532c0000)
 Metaspace       used 15374K, capacity 15616K, committed 15768K, reserved 16688K
Event: 10.566 GC heap after
Heap after GC invocations=4 (full 0):
 PSYoungGen      total 69120K, used 2553K [0x65d80000, 0x6a380000, 0x70800000)
  eden space 66560K, 0% used [0x65d80000,0x65d80000,0x69e80000)
  from space 2560K, 99% used [0x6a100000,0x6a37e460,0x6a380000)
  to   space 2560K, 0% used [0x69e80000,0x69e80000,0x6a100000)
 ParOldGen       total 43776K, used 19034K [0x50800000, 0x532c0000, 0x65d80000)
  object space 43776K, 43% used [0x50800000,0x51a96900,0x532c0000)
 Metaspace       used 15374K, capacity 15616K, committed 15768K, reserved 16688K
}

